<?xml version="1.0" encoding="UTF-8"?>
<!-- Generated by org.testng.reporters.JUnitXMLReporter -->
<testsuite hostname="DESKTOP-MC7TA2J" ignored="0" name="Error Validation Test" tests="2" failures="0" timestamp="2023-02-01T17:16:33 MST" time="39.074" errors="0">
  <testcase name="loginErrorValidation" time="2.43" classname="rahulshettyacademy.Tests.ErrorValidationsTest"/>
  <testcase name="productErrorValidation" time="4.603" classname="rahulshettyacademy.Tests.ErrorValidationsTest"/>
</testsuite> <!-- Error Validation Test -->
