<?xml version="1.0" encoding="UTF-8"?>
<!-- Generated by org.testng.reporters.JUnitXMLReporter -->
<testsuite hostname="DESKTOP-MC7TA2J" ignored="0" name="Submit Order Test" tests="3" failures="0" timestamp="2023-02-01T17:16:54 MST" time="60.34" errors="0">
  <testcase name="submitOrder" time="9.825" classname="rahulshettyacademy.Tests.SubmirOrderTest"/>
  <testcase name="submitOrder" time="7.817" classname="rahulshettyacademy.Tests.SubmirOrderTest"/>
  <testcase name="OrderHistoryTest" time="1.405" classname="rahulshettyacademy.Tests.SubmirOrderTest"/>
</testsuite> <!-- Submit Order Test -->
