<?xml version="1.0" encoding="UTF-8"?>
<testng-results total="0" passed="0" failed="0" skipped="0">
  <reporter-output>
  </reporter-output>
  <suite started-at="2022-12-02T22:12:30Z" name="Suite" finished-at="2022-12-02T22:12:30Z" duration-ms="0">
    <groups>
      <group name="ErrorHandling">
        <method signature="ErrorValidationsTest.loginErrorValidation()[pri:0, instance:rahulshettyacademy.Tests.ErrorValidationsTest@2a3c96e3]" name="loginErrorValidation" class="rahulshettyacademy.Tests.ErrorValidationsTest"/>
      </group> <!-- ErrorHandling -->
      <group name="purchaseOrder">
        <method signature="SubmirOrderTest.submitOrder(java.util.HashMap)[pri:0, instance:rahulshettyacademy.Tests.SubmirOrderTest@5dd91bca]" name="submitOrder" class="rahulshettyacademy.Tests.SubmirOrderTest"/>
      </group> <!-- purchaseOrder -->
    </groups>
  </suite> <!-- Suite -->
</testng-results>
